  22.cpp
  6_1.cpp
C:\Users\Nazar\source\repos\--11-\ConsoleApplication1\6_1.cpp(11,10): warning C4305: 'initializing': truncation from 'double' to 'float'
  6_2.cpp
  6_3.cpp
  6_4.cpp
  6_5.cpp
  6a_10.cpp
  6a_3.cpp
  6a_4.cpp
  6a_5.cpp
C:\Users\Nazar\source\repos\--11-\ConsoleApplication1\6a_5.cpp(4,1): warning C4326: return type of 'main' should be 'int' instead of 'void'
  6a_6.cpp
C:\Users\Nazar\source\repos\--11-\ConsoleApplication1\6a_6.cpp(5,1): warning C4326: return type of 'main' should be 'int' instead of 'void'
C:\Users\Nazar\source\repos\--11-\ConsoleApplication1\6a_6.cpp(11,15): warning C4244: '=': conversion from 'double' to 'float', possible loss of data
C:\Users\Nazar\source\repos\--11-\ConsoleApplication1\6a_6.cpp(12,9): warning C4244: '=': conversion from 'double' to 'float', possible loss of data
  6a_7.cpp
  6a_8.cpp
  6a_9.cpp
  7.2_1.cpp
  7.2_2.cpp
  7.2_3.cpp
  7.2_4.cpp
  7.2_5.cpp
  7.2_6.cpp
  Generating Code...
  Compiling...
  7.2_7.cpp
  7.3.cpp
  7.4_1.cpp
  7.4_2.cpp
C:\Users\Nazar\source\repos\--11-\ConsoleApplication1\7.4_2.cpp(9,16): warning C4244: '=': conversion from 'double' to 'float', possible loss of data
C:\Users\Nazar\source\repos\--11-\ConsoleApplication1\7.4_2.cpp(9,19): warning C4244: '=': conversion from 'double' to 'float', possible loss of data
  7.4_3.cpp
C:\Users\Nazar\source\repos\--11-\ConsoleApplication1\7.4_3.cpp(9,19): warning C4244: '=': conversion from 'double' to 'float', possible loss of data
  7a.4_1.cpp
C:\Users\Nazar\source\repos\--11-\ConsoleApplication1\7a.4_1.cpp(6,28): warning C4244: '=': conversion from 'double' to 'float', possible loss of data
  7a.4_2.cpp
C:\Users\Nazar\source\repos\--11-\ConsoleApplication1\7a.4_2.cpp(5,10): warning C4305: 'initializing': truncation from 'double' to 'float'
  7a.4_3.cpp
C:\Users\Nazar\source\repos\--11-\ConsoleApplication1\7a.4_3.cpp(4,10): warning C4305: 'initializing': truncation from 'double' to 'float'
C:\Users\Nazar\source\repos\--11-\ConsoleApplication1\7a.4_3.cpp(6,12): warning C4244: '=': conversion from 'float' to 'int', possible loss of data
  7a_1.cpp
  7a_2.cpp
  7a_3.cpp
  lab12.10.cpp
C:\Users\Nazar\source\repos\--11-\ConsoleApplication1\lab12.10.cpp(8,23): warning C4018: '<=': signed/unsigned mismatch
C:\Users\Nazar\source\repos\--11-\ConsoleApplication1\lab12.10.cpp(12,11): warning C4244: '=': conversion from 'double' to 'float', possible loss of data
  lab10-11.2_1.cpp
C:\Users\Nazar\source\repos\--11-\ConsoleApplication1\lab10-11.2_1.cpp(14,12): warning C4244: 'argument': conversion from 'time_t' to 'unsigned int', possible loss of data
  lab10-11.2_2.cpp
  lab10-11.2_3.cpp
  lab10-11_3.cpp
  lab10-11_4.cpp
  lab12.11.cpp
  lab12.2_1.cpp
  lab12.2_2.cpp
  Generating Code...
  Compiling...
  lab12.2_3.cpp
  lab12.2_4.cpp
  lab12.2_5.cpp
C:\Users\Nazar\source\repos\--11-\ConsoleApplication1\lab12.2_5.cpp(9,12): warning C4244: 'argument': conversion from 'time_t' to 'unsigned int', possible loss of data
  lab12.2_6.cpp
C:\Users\Nazar\source\repos\--11-\ConsoleApplication1\lab12.2_6.cpp(10,12): warning C4244: 'argument': conversion from 'time_t' to 'unsigned int', possible loss of data
  lab12.3.cpp
  lab12.4.cpp
  lab12.6.cpp
  lab12.7.cpp
C:\Users\Nazar\source\repos\--11-\ConsoleApplication1\lab12.7.cpp(5,1): warning C4326: return type of 'main' should be 'int' instead of 'void'
C:\Users\Nazar\source\repos\--11-\ConsoleApplication1\lab12.7.cpp(6,6): warning C4101: 'price': unreferenced local variable
  lab12.8.cpp
  lab12.9.cpp
C:\Users\Nazar\source\repos\--11-\ConsoleApplication1\lab12.9.cpp(13,26): warning C4244: '=': conversion from 'double' to 'float', possible loss of data
C:\Users\Nazar\source\repos\--11-\ConsoleApplication1\lab12.9.cpp(14,16): warning C4244: '=': conversion from 'double' to 'float', possible loss of data
C:\Users\Nazar\source\repos\--11-\ConsoleApplication1\lab12.9.cpp(44,5): warning C4305: '=': truncation from 'double' to 'float'
C:\Users\Nazar\source\repos\--11-\ConsoleApplication1\lab12.9.cpp(50,26): warning C4244: '=': conversion from 'double' to 'float', possible loss of data
C:\Users\Nazar\source\repos\--11-\ConsoleApplication1\lab12.9.cpp(51,18): warning C4244: '=': conversion from 'double' to 'float', possible loss of data
C:\Users\Nazar\source\repos\--11-\ConsoleApplication1\lab12.9.cpp(94,7): warning C4305: '=': truncation from 'double' to 'float'
C:\Users\Nazar\source\repos\--11-\ConsoleApplication1\lab12.9.cpp(98,26): warning C4244: '=': conversion from 'double' to 'float', possible loss of data
C:\Users\Nazar\source\repos\--11-\ConsoleApplication1\lab12.9.cpp(99,18): warning C4244: '=': conversion from 'double' to 'float', possible loss of data
C:\Users\Nazar\source\repos\--11-\ConsoleApplication1\lab12.9.cpp(137,7): warning C4305: '=': truncation from 'double' to 'float'
C:\Users\Nazar\source\repos\--11-\ConsoleApplication1\lab12.9.cpp(141,26): warning C4244: '=': conversion from 'double' to 'float', possible loss of data
C:\Users\Nazar\source\repos\--11-\ConsoleApplication1\lab12.9.cpp(142,18): warning C4244: '=': conversion from 'double' to 'float', possible loss of data
  lab13-14.2_1.cpp
  lab13-14.2_2.cpp
C:\Users\Nazar\source\repos\--11-\ConsoleApplication1\lab13-14.2_2.cpp(7,12): warning C4101: 's': unreferenced local variable
  lab13-14.3.cpp
  lab15-16.2_1.cpp
  lab15-16.2_2.cpp
  lab15-16.2_3.cpp
  lab15-16.2_4.cpp
  lab15-16.3.cpp
C:\Users\Nazar\source\repos\--11-\ConsoleApplication1\lab15-16.3.cpp(9,12): warning C4244: 'argument': conversion from 'time_t' to 'unsigned int', possible loss of data
  lab15-16_test.cpp
C:\Users\Nazar\source\repos\--11-\ConsoleApplication1\lab15-16_test.cpp(7,20): error C2760: syntax error: ';' was unexpected here; expected ']'
C:\Users\Nazar\source\repos\--11-\ConsoleApplication1\lab15-16_test.cpp(7,16): error C2087: 'a': missing subscript
C:\Users\Nazar\source\repos\--11-\ConsoleApplication1\lab15-16_test.cpp(7,21): error C2143: syntax error: missing ',' before ']'
C:\Users\Nazar\source\repos\--11-\ConsoleApplication1\lab15-16_test.cpp(9,25): error C2065: 'b': undeclared identifier
C:\Users\Nazar\source\repos\--11-\ConsoleApplication1\lab15-16_test.cpp(11,26): error C2065: 'b': undeclared identifier
  lab17.1_1.cpp
C:\Users\Nazar\source\repos\--11-\ConsoleApplication1\lab15-16_test.cpp(31,2): error C2660: 'vuvid': function does not take 2 arguments
  C:\Users\Nazar\source\repos\--11-\ConsoleApplication1\lab15-16_test.cpp(7,6):
  see declaration of 'vuvid'
  C:\Users\Nazar\source\repos\--11-\ConsoleApplication1\lab15-16_test.cpp(31,2):
  while trying to match the argument list '(int [2][2], const int)'
  
  Generating Code...
  Compiling...
  lab17.1_2.cpp
  lab17.2.cpp
C:\Users\Nazar\source\repos\--11-\ConsoleApplication1\lab17.2.cpp(15,12): warning C4244: 'argument': conversion from 'time_t' to 'unsigned int', possible loss of data
  lab17.3.cpp
C:\Users\Nazar\source\repos\--11-\ConsoleApplication1\lab17.3.cpp(15,12): warning C4244: 'argument': conversion from 'time_t' to 'unsigned int', possible loss of data
  lllll.cpp
C:\Users\Nazar\source\repos\--11-\ConsoleApplication1\lllll.cpp(1,10): error C1083: Cannot open include file: 'graphics.h': No such file or directory
  test123.cpp
C:\Users\Nazar\source\repos\--11-\ConsoleApplication1\test123.cpp(15,12): warning C4244: 'argument': conversion from 'time_t' to 'unsigned int', possible loss of data
  lab18.1_1.cpp
  lab18.1_2.cpp
  lab18.1_3.cpp
  lab18.2_1.cpp
  lab19.1_1.cpp
  lab19.1_2.cpp
  lab19.1_3.cpp
  lab19.1_4.cpp
  lab19.3.cpp
  lab19.4.cpp
C:\Users\Nazar\source\repos\--11-\ConsoleApplication1\lab19.4.cpp(8,12): warning C4244: 'argument': conversion from 'time_t' to 'unsigned int', possible loss of data
  test.cpp
  test1.cpp
  Generating Code...
